This file contains any messages produced by compilers while
running configure, to aid debugging if configure makes a mistake.

It was created by GNU Awk Bundled Extensions configure 4.1.1, which was
generated by GNU Autoconf 2.69.  Invocation command line was

  $ ./configure --disable-option-checking --prefix=/usr/local --cache-file=/dev/null --srcdir=.

## --------- ##
## Platform. ##
## --------- ##

hostname = databiz33-OptiPlex-3050
uname -m = x86_64
uname -r = 5.15.0-52-generic
uname -s = Linux
uname -v = #58~20.04.1-Ubuntu SMP Thu Oct 13 13:09:46 UTC 2022

/usr/bin/uname -p = x86_64
/bin/uname -X     = unknown

/bin/arch              = x86_64
/usr/bin/arch -k       = unknown
/usr/convex/getsysinfo = unknown
/usr/bin/hostinfo      = unknown
/bin/machine           = unknown
/usr/bin/oslevel       = unknown
/bin/universe          = unknown

PATH: /home/databiz33/anaconda3/bin
PATH: /home/databiz33/anaconda3/condabin
PATH: /usr/local/sbin
PATH: /usr/local/bin
PATH: /usr/sbin
PATH: /usr/bin
PATH: /sbin
PATH: /bin
PATH: /usr/games
PATH: /usr/local/games
PATH: /snap/bin


## ----------- ##
## Core tests. ##
## ----------- ##

configure:2418: checking for gcc
configure:2434: found /usr/bin/gcc
configure:2445: result: gcc
configure:2674: checking for C compiler version
configure:2683: gcc --version >&5
gcc (Ubuntu 9.4.0-1ubuntu1~20.04.1) 9.4.0
Copyright (C) 2019 Free Software Foundation, Inc.
This is free software; see the source for copying conditions.  There is NO
warranty; not even for MERCHANTABILITY or FITNESS FOR A PARTICULAR PURPOSE.

configure:2694: $? = 0
configure:2683: gcc -v >&5
Using built-in specs.
COLLECT_GCC=gcc
COLLECT_LTO_WRAPPER=/usr/lib/gcc/x86_64-linux-gnu/9/lto-wrapper
OFFLOAD_TARGET_NAMES=nvptx-none:hsa
OFFLOAD_TARGET_DEFAULT=1
Target: x86_64-linux-gnu
Configured with: ../src/configure -v --with-pkgversion='Ubuntu 9.4.0-1ubuntu1~20.04.1' --with-bugurl=file:///usr/share/doc/gcc-9/README.Bugs --enable-languages=c,ada,c++,go,brig,d,fortran,objc,obj-c++,gm2 --prefix=/usr --with-gcc-major-version-only --program-suffix=-9 --program-prefix=x86_64-linux-gnu- --enable-shared --enable-linker-build-id --libexecdir=/usr/lib --without-included-gettext --enable-threads=posix --libdir=/usr/lib --enable-nls --enable-clocale=gnu --enable-libstdcxx-debug --enable-libstdcxx-time=yes --with-default-libstdcxx-abi=new --enable-gnu-unique-object --disable-vtable-verify --enable-plugin --enable-default-pie --with-system-zlib --with-target-system-zlib=auto --enable-objc-gc=auto --enable-multiarch --disable-werror --with-arch-32=i686 --with-abi=m64 --with-multilib-list=m32,m64,mx32 --enable-multilib --with-tune=generic --enable-offload-targets=nvptx-none=/build/gcc-9-Av3uEd/gcc-9-9.4.0/debian/tmp-nvptx/usr,hsa --without-cuda-driver --enable-checking=release --build=x86_64-linux-gnu --host=x86_64-linux-gnu --target=x86_64-linux-gnu
Thread model: posix
gcc version 9.4.0 (Ubuntu 9.4.0-1ubuntu1~20.04.1) 
configure:2694: $? = 0
configure:2683: gcc -V >&5
gcc: error: unrecognized command line option '-V'
gcc: fatal error: no input files
compilation terminated.
configure:2694: $? = 1
configure:2683: gcc -qversion >&5
gcc: error: unrecognized command line option '-qversion'; did you mean '--version'?
gcc: fatal error: no input files
compilation terminated.
configure:2694: $? = 1
configure:2714: checking whether the C compiler works
configure:2736: gcc    conftest.c  >&5
configure:2740: $? = 0
configure:2788: result: yes
configure:2791: checking for C compiler default output file name
configure:2793: result: a.out
configure:2799: checking for suffix of executables
configure:2806: gcc -o conftest    conftest.c  >&5
configure:2810: $? = 0
configure:2832: result: 
configure:2854: checking whether we are cross compiling
configure:2862: gcc -o conftest    conftest.c  >&5
configure:2866: $? = 0
configure:2873: ./conftest
configure:2877: $? = 0
configure:2865: result: no
configure:2870: checking for suffix of object files
configure:2892: gcc -c   conftest.c >&5
configure:2896: $? = 0
configure:2917: result: o
configure:2921: checking whether we are using the GNU C compiler
configure:2940: gcc -c   conftest.c >&5
configure:2940: $? = 0
configure:2949: result: yes
configure:2958: checking whether gcc accepts -g
configure:2978: gcc -c -g  conftest.c >&5
configure:2978: $? = 0
configure:3019: result: yes
configure:3036: checking for gcc option to accept ISO C89
configure:3099: gcc  -c -g -O2  conftest.c >&5
configure:3099: $? = 0
configure:3112: result: none needed
configure:3138: checking how to run the C preprocessor
configure:3169: gcc -E  conftest.c
configure:3169: $? = 0
configure:3183: gcc -E  conftest.c
conftest.c:9:10: fatal error: ac_nonexistent.h: No such file or directory
    9 | #include <ac_nonexistent.h>
      |          ^~~~~~~~~~~~~~~~~~
compilation terminated.
configure:3183: $? = 1
configure: failed program was:
| /* confdefs.h */
| #define PACKAGE_NAME "GNU Awk Bundled Extensions"
| #define PACKAGE_TARNAME "gawk-extensions"
| #define PACKAGE_VERSION "4.1.1"
| #define PACKAGE_STRING "GNU Awk Bundled Extensions 4.1.1"
| #define PACKAGE_BUGREPORT "bug-gawk@gnu.org"
| #define PACKAGE_URL "http://www.gnu.org/software/gawk-extensions/"
| /* end confdefs.h.  */
| #include <ac_nonexistent.h>
configure:3208: result: gcc -E
configure:3228: gcc -E  conftest.c
configure:3228: $? = 0
configure:3242: gcc -E  conftest.c
conftest.c:9:10: fatal error: ac_nonexistent.h: No such file or directory
    9 | #include <ac_nonexistent.h>
      |          ^~~~~~~~~~~~~~~~~~
compilation terminated.
configure:3242: $? = 1
configure: failed program was:
| /* confdefs.h */
| #define PACKAGE_NAME "GNU Awk Bundled Extensions"
| #define PACKAGE_TARNAME "gawk-extensions"
| #define PACKAGE_VERSION "4.1.1"
| #define PACKAGE_STRING "GNU Awk Bundled Extensions 4.1.1"
| #define PACKAGE_BUGREPORT "bug-gawk@gnu.org"
| #define PACKAGE_URL "http://www.gnu.org/software/gawk-extensions/"
| /* end confdefs.h.  */
| #include <ac_nonexistent.h>
configure:3271: checking for grep that handles long lines and -e
configure:3329: result: /usr/bin/grep
configure:3334: checking for egrep
configure:3396: result: /usr/bin/grep -E
configure:3401: checking for ANSI C header files
configure:3421: gcc -c -g -O2  conftest.c >&5
configure:3421: $? = 0
configure:3494: gcc -o conftest -g -O2   conftest.c  >&5
configure:3494: $? = 0
configure:3494: ./conftest
configure:3494: $? = 0
configure:3505: result: yes
configure:3518: checking for sys/types.h
configure:3518: gcc -c -g -O2  conftest.c >&5
configure:3518: $? = 0
configure:3518: result: yes
configure:3518: checking for sys/stat.h
configure:3518: gcc -c -g -O2  conftest.c >&5
configure:3518: $? = 0
configure:3518: result: yes
configure:3518: checking for stdlib.h
configure:3518: gcc -c -g -O2  conftest.c >&5
configure:3518: $? = 0
configure:3518: result: yes
configure:3518: checking for string.h
configure:3518: gcc -c -g -O2  conftest.c >&5
configure:3518: $? = 0
configure:3518: result: yes
configure:3518: checking for memory.h
configure:3518: gcc -c -g -O2  conftest.c >&5
configure:3518: $? = 0
configure:3518: result: yes
configure:3518: checking for strings.h
configure:3518: gcc -c -g -O2  conftest.c >&5
configure:3518: $? = 0
configure:3518: result: yes
configure:3518: checking for inttypes.h
configure:3518: gcc -c -g -O2  conftest.c >&5
configure:3518: $? = 0
configure:3518: result: yes
configure:3518: checking for stdint.h
configure:3518: gcc -c -g -O2  conftest.c >&5
configure:3518: $? = 0
configure:3518: result: yes
configure:3518: checking for unistd.h
configure:3518: gcc -c -g -O2  conftest.c >&5
configure:3518: $? = 0
configure:3518: result: yes
configure:3531: checking minix/config.h usability
configure:3531: gcc -c -g -O2  conftest.c >&5
conftest.c:52:10: fatal error: minix/config.h: No such file or directory
   52 | #include <minix/config.h>
      |          ^~~~~~~~~~~~~~~~
compilation terminated.
configure:3531: $? = 1
configure: failed program was:
| /* confdefs.h */
| #define PACKAGE_NAME "GNU Awk Bundled Extensions"
| #define PACKAGE_TARNAME "gawk-extensions"
| #define PACKAGE_VERSION "4.1.1"
| #define PACKAGE_STRING "GNU Awk Bundled Extensions 4.1.1"
| #define PACKAGE_BUGREPORT "bug-gawk@gnu.org"
| #define PACKAGE_URL "http://www.gnu.org/software/gawk-extensions/"
| #define STDC_HEADERS 1
| #define HAVE_SYS_TYPES_H 1
| #define HAVE_SYS_STAT_H 1
| #define HAVE_STDLIB_H 1
| #define HAVE_STRING_H 1
| #define HAVE_MEMORY_H 1
| #define HAVE_STRINGS_H 1
| #define HAVE_INTTYPES_H 1
| #define HAVE_STDINT_H 1
| #define HAVE_UNISTD_H 1
| /* end confdefs.h.  */
| #include <stdio.h>
| #ifdef HAVE_SYS_TYPES_H
| # include <sys/types.h>
| #endif
| #ifdef HAVE_SYS_STAT_H
| # include <sys/stat.h>
| #endif
| #ifdef STDC_HEADERS
| # include <stdlib.h>
| # include <stddef.h>
| #else
| # ifdef HAVE_STDLIB_H
| #  include <stdlib.h>
| # endif
| #endif
| #ifdef HAVE_STRING_H
| # if !defined STDC_HEADERS && defined HAVE_MEMORY_H
| #  include <memory.h>
| # endif
| # include <string.h>
| #endif
| #ifdef HAVE_STRINGS_H
| # include <strings.h>
| #endif
| #ifdef HAVE_INTTYPES_H
| # include <inttypes.h>
| #endif
| #ifdef HAVE_STDINT_H
| # include <stdint.h>
| #endif
| #ifdef HAVE_UNISTD_H
| # include <unistd.h>
| #endif
| #include <minix/config.h>
configure:3531: result: no
configure:3531: checking minix/config.h presence
configure:3531: gcc -E  conftest.c
conftest.c:19:10: fatal error: minix/config.h: No such file or directory
   19 | #include <minix/config.h>
      |          ^~~~~~~~~~~~~~~~
compilation terminated.
configure:3531: $? = 1
configure: failed program was:
| /* confdefs.h */
| #define PACKAGE_NAME "GNU Awk Bundled Extensions"
| #define PACKAGE_TARNAME "gawk-extensions"
| #define PACKAGE_VERSION "4.1.1"
| #define PACKAGE_STRING "GNU Awk Bundled Extensions 4.1.1"
| #define PACKAGE_BUGREPORT "bug-gawk@gnu.org"
| #define PACKAGE_URL "http://www.gnu.org/software/gawk-extensions/"
| #define STDC_HEADERS 1
| #define HAVE_SYS_TYPES_H 1
| #define HAVE_SYS_STAT_H 1
| #define HAVE_STDLIB_H 1
| #define HAVE_STRING_H 1
| #define HAVE_MEMORY_H 1
| #define HAVE_STRINGS_H 1
| #define HAVE_INTTYPES_H 1
| #define HAVE_STDINT_H 1
| #define HAVE_UNISTD_H 1
| /* end confdefs.h.  */
| #include <minix/config.h>
configure:3531: result: no
configure:3531: checking for minix/config.h
configure:3531: result: no
configure:3552: checking whether it is safe to define __EXTENSIONS__
configure:3570: gcc -c -g -O2  conftest.c >&5
configure:3570: $? = 0
configure:3577: result: yes
configure:3611: checking for a BSD-compatible install
configure:3679: result: build-aux/install-sh -c
configure:3690: checking whether build environment is sane
configure:3745: result: yes
configure:3894: checking for a thread-safe mkdir -p
configure:3933: result: /usr/bin/mkdir -p
configure:3940: checking for gawk
configure:3956: found /usr/bin/gawk
configure:3967: result: gawk
configure:3978: checking whether make sets $(MAKE)
configure:4000: result: yes
configure:4030: checking for style of include used by make
configure:4058: result: GNU
configure:4092: checking whether make supports nested variables
configure:4109: result: yes
configure:4194: checking dependency style of gcc
configure:4305: result: gcc3
configure:4323: checking whether NLS is requested
configure:4332: result: yes
configure:4373: checking for msgfmt
configure:4408: result: no
configure:4414: checking for gmsgfmt
configure:4445: result: :
configure:4496: checking for xgettext
configure:4531: result: no
configure:4574: checking for msgmerge
configure:4608: result: no
configure:4642: checking build system type
configure:4656: result: x86_64-unknown-linux-gnu
configure:4676: checking host system type
configure:4689: result: x86_64-unknown-linux-gnu
configure:4733: checking for ld used by GCC
configure:4797: result: /usr/bin/ld
configure:4804: checking if the linker (/usr/bin/ld) is GNU ld
configure:4817: result: yes
configure:4824: checking for shared library run path origin
configure:4837: result: done
configure:5409: checking for CFPreferencesCopyAppValue
configure:5427: gcc -o conftest -g -O2   conftest.c  -Wl,-framework -Wl,CoreFoundation >&5
conftest.c:26:10: fatal error: CoreFoundation/CFPreferences.h: No such file or directory
   26 | #include <CoreFoundation/CFPreferences.h>
      |          ^~~~~~~~~~~~~~~~~~~~~~~~~~~~~~~~
compilation terminated.
configure:5427: $? = 1
configure: failed program was:
| /* confdefs.h */
| #define PACKAGE_NAME "GNU Awk Bundled Extensions"
| #define PACKAGE_TARNAME "gawk-extensions"
| #define PACKAGE_VERSION "4.1.1"
| #define PACKAGE_STRING "GNU Awk Bundled Extensions 4.1.1"
| #define PACKAGE_BUGREPORT "bug-gawk@gnu.org"
| #define PACKAGE_URL "http://www.gnu.org/software/gawk-extensions/"
| #define STDC_HEADERS 1
| #define HAVE_SYS_TYPES_H 1
| #define HAVE_SYS_STAT_H 1
| #define HAVE_STDLIB_H 1
| #define HAVE_STRING_H 1
| #define HAVE_MEMORY_H 1
| #define HAVE_STRINGS_H 1
| #define HAVE_INTTYPES_H 1
| #define HAVE_STDINT_H 1
| #define HAVE_UNISTD_H 1
| #define __EXTENSIONS__ 1
| #define _ALL_SOURCE 1
| #define _GNU_SOURCE 1
| #define _POSIX_PTHREAD_SEMANTICS 1
| #define _TANDEM_SOURCE 1
| #define PACKAGE "gawk-extensions"
| #define VERSION "4.1.1"
| /* end confdefs.h.  */
| #include <CoreFoundation/CFPreferences.h>
| int
| main ()
| {
| CFPreferencesCopyAppValue(NULL, NULL)
|   ;
|   return 0;
| }
configure:5436: result: no
configure:5443: checking for CFLocaleCopyCurrent
configure:5461: gcc -o conftest -g -O2   conftest.c  -Wl,-framework -Wl,CoreFoundation >&5
conftest.c:26:10: fatal error: CoreFoundation/CFLocale.h: No such file or directory
   26 | #include <CoreFoundation/CFLocale.h>
      |          ^~~~~~~~~~~~~~~~~~~~~~~~~~~
compilation terminated.
configure:5461: $? = 1
configure: failed program was:
| /* confdefs.h */
| #define PACKAGE_NAME "GNU Awk Bundled Extensions"
| #define PACKAGE_TARNAME "gawk-extensions"
| #define PACKAGE_VERSION "4.1.1"
| #define PACKAGE_STRING "GNU Awk Bundled Extensions 4.1.1"
| #define PACKAGE_BUGREPORT "bug-gawk@gnu.org"
| #define PACKAGE_URL "http://www.gnu.org/software/gawk-extensions/"
| #define STDC_HEADERS 1
| #define HAVE_SYS_TYPES_H 1
| #define HAVE_SYS_STAT_H 1
| #define HAVE_STDLIB_H 1
| #define HAVE_STRING_H 1
| #define HAVE_MEMORY_H 1
| #define HAVE_STRINGS_H 1
| #define HAVE_INTTYPES_H 1
| #define HAVE_STDINT_H 1
| #define HAVE_UNISTD_H 1
| #define __EXTENSIONS__ 1
| #define _ALL_SOURCE 1
| #define _GNU_SOURCE 1
| #define _POSIX_PTHREAD_SEMANTICS 1
| #define _TANDEM_SOURCE 1
| #define PACKAGE "gawk-extensions"
| #define VERSION "4.1.1"
| /* end confdefs.h.  */
| #include <CoreFoundation/CFLocale.h>
| int
| main ()
| {
| CFLocaleCopyCurrent();
|   ;
|   return 0;
| }
configure:5470: result: no
configure:5519: checking for GNU gettext in libc
configure:5539: gcc -o conftest -g -O2   conftest.c  >&5
configure:5539: $? = 0
configure:5548: result: yes
configure:6339: checking whether to use NLS
configure:6341: result: yes
configure:6344: checking where the gettext function comes from
configure:6355: result: libc
configure:6414: checking for struct stat.st_blksize
configure:6414: gcc -c -g -O2  conftest.c >&5
configure:6414: $? = 0
configure:6414: result: yes
configure:6474: checking for ar
configure:6490: found /usr/bin/ar
configure:6501: result: ar
configure:6527: checking the archiver (ar) interface
configure:6537: gcc -c -g -O2  conftest.c >&5
configure:6537: $? = 0
configure:6539: ar cru libconftest.a conftest.o >&5
ar: `u' modifier ignored since `D' is the default (see `U')
configure:6542: $? = 0
configure:6541: result: ar
configure:6568: checking for special C compiler options needed for large files
configure:6613: result: no
configure:6619: checking for _FILE_OFFSET_BITS value needed for large files
configure:6644: gcc -c -g -O2  conftest.c >&5
configure:6644: $? = 0
configure:6676: result: no
configure:6838: checking how to print strings
configure:6865: result: printf
configure:6886: checking for a sed that does not truncate output
configure:6950: result: /usr/bin/sed
configure:6968: checking for fgrep
configure:7030: result: /usr/bin/grep -F
configure:7065: checking for ld used by gcc
configure:7132: result: /usr/bin/ld
configure:7139: checking if the linker (/usr/bin/ld) is GNU ld
configure:7154: result: yes
configure:7166: checking for BSD- or MS-compatible name lister (nm)
configure:7215: result: /usr/bin/nm -B
configure:7345: checking the name lister (/usr/bin/nm -B) interface
configure:7352: gcc -c -g -O2  conftest.c >&5
configure:7355: /usr/bin/nm -B "conftest.o"
configure:7358: output
0000000000000000 B some_variable
configure:7359: result: BSD nm
configure:7362: checking whether ln -s works
configure:7366: result: yes
configure:7374: checking the maximum length of command line arguments
configure:7505: result: 1572864
configure:7553: checking how to convert x86_64-unknown-linux-gnu file names to x86_64-unknown-linux-gnu format
configure:7593: result: func_convert_file_noop
configure:7600: checking how to convert x86_64-unknown-linux-gnu file names to toolchain format
configure:7620: result: func_convert_file_noop
configure:7627: checking for /usr/bin/ld option to reload object files
configure:7634: result: -r
configure:7708: checking for objdump
configure:7724: found /usr/bin/objdump
configure:7735: result: objdump
configure:7767: checking how to recognize dependent libraries
configure:7964: result: pass_all
configure:8049: checking for dlltool
configure:8079: result: no
configure:8109: checking how to associate runtime and link libraries
configure:8136: result: printf %s\n
configure:8260: checking for archiver @FILE support
configure:8277: gcc -c -g -O2  conftest.c >&5
configure:8277: $? = 0
configure:8280: ar cru libconftest.a @conftest.lst >&5
ar: `u' modifier ignored since `D' is the default (see `U')
configure:8283: $? = 0
configure:8288: ar cru libconftest.a @conftest.lst >&5
ar: `u' modifier ignored since `D' is the default (see `U')
ar: conftest.o: No such file or directory
configure:8291: $? = 1
configure:8290: result: @
configure:8348: checking for strip
configure:8364: found /usr/bin/strip
configure:8375: result: strip
configure:8447: checking for ranlib
configure:8463: found /usr/bin/ranlib
configure:8474: result: ranlib
configure:8576: checking command to parse /usr/bin/nm -B output from gcc object
configure:8729: gcc -c -g -O2  conftest.c >&5
configure:8732: $? = 0
configure:8736: /usr/bin/nm -B conftest.o \| sed -n -e 's/^.*[ ]\([ABCDGIRSTW][ABCDGIRSTW]*\)[ ][ ]*\([_A-Za-z][_A-Za-z0-9]*\)$/\1 \2 \2/p' | sed '/ __gnu_lto/d' \> conftest.nm
configure:8739: $? = 0
configure:8805: gcc -o conftest -g -O2   conftest.c conftstm.o >&5
configure:8808: $? = 0
configure:8846: result: ok
configure:8893: checking for sysroot
configure:8923: result: no
configure:9043: gcc -c -g -O2  conftest.c >&5
configure:9046: $? = 0
configure:9236: checking for mt
configure:9252: found /usr/bin/mt
configure:9263: result: mt
configure:9286: checking if mt is a manifest tool
configure:9292: mt '-?'
configure:9300: result: no
configure:9939: checking for dlfcn.h
configure:9939: gcc -c -g -O2  conftest.c >&5
configure:9939: $? = 0
configure:9939: result: yes
configure:10113: checking for objdir
configure:10128: result: .libs
configure:10399: checking if gcc supports -fno-rtti -fno-exceptions
configure:10417: gcc -c -g -O2  -fno-rtti -fno-exceptions conftest.c >&5
cc1: warning: command line option '-fno-rtti' is valid for C++/D/ObjC++ but not for C
configure:10421: $? = 0
configure:10434: result: no
configure:10782: checking for gcc option to produce PIC
configure:10789: result: -fPIC -DPIC
configure:10797: checking if gcc PIC flag -fPIC -DPIC works
configure:10815: gcc -c -g -O2  -fPIC -DPIC -DPIC conftest.c >&5
configure:10819: $? = 0
configure:10832: result: yes
configure:10861: checking if gcc static flag -static works
configure:10889: result: yes
configure:10904: checking if gcc supports -c -o file.o
configure:10925: gcc -c -g -O2  -o out/conftest2.o conftest.c >&5
configure:10929: $? = 0
configure:10951: result: yes
configure:10959: checking if gcc supports -c -o file.o
configure:11006: result: yes
configure:11039: checking whether the gcc linker (/usr/bin/ld -m elf_x86_64) supports shared libraries
configure:12187: result: yes
configure:12224: checking whether -lc should be explicitly linked in
configure:12232: gcc -c -g -O2  conftest.c >&5
configure:12235: $? = 0
configure:12250: gcc -shared  -fPIC -DPIC conftest.o  -v -Wl,-soname -Wl,conftest -o conftest 2\>\&1 \| /usr/bin/grep  -lc  \>/dev/null 2\>\&1
configure:12253: $? = 0
configure:12267: result: no
configure:12427: checking dynamic linker characteristics
configure:12954: gcc -o conftest -g -O2   -Wl,-rpath -Wl,/foo conftest.c  >&5
configure:12954: $? = 0
configure:13165: result: GNU/Linux ld.so
configure:13272: checking how to hardcode library paths into programs
configure:13297: result: immediate
configure:13845: checking whether stripping libraries is possible
configure:13850: result: yes
configure:13885: checking if libtool supports shared libraries
configure:13887: result: yes
configure:13890: checking whether to build shared libraries
configure:13911: result: yes
configure:13914: checking whether to build static libraries
configure:13918: result: no
configure:10966: checking for special development options
configure:10977: result: no
configure:10984: checking fnmatch.h usability
configure:10984: gcc -c -g -O2 -Wall  conftest.c >&5
configure:10984: $? = 0
configure:10984: result: yes
configure:10984: checking fnmatch.h presence
configure:10984: gcc -E  conftest.c
configure:10984: $? = 0
configure:10984: result: yes
configure:10984: checking for fnmatch.h
configure:10984: result: yes
configure:10984: checking limits.h usability
configure:10984: gcc -c -g -O2 -Wall  conftest.c >&5
configure:10984: $? = 0
configure:10984: result: yes
configure:10984: checking limits.h presence
configure:10984: gcc -E  conftest.c
configure:10984: $? = 0
configure:10984: result: yes
configure:10984: checking for limits.h
configure:10984: result: yes
configure:10984: checking sys/time.h usability
configure:10984: gcc -c -g -O2 -Wall  conftest.c >&5
configure:10984: $? = 0
configure:10984: result: yes
configure:10984: checking sys/time.h presence
configure:10984: gcc -E  conftest.c
configure:10984: $? = 0
configure:10984: result: yes
configure:10984: checking for sys/time.h
configure:10984: result: yes
configure:10984: checking sys/select.h usability
configure:10984: gcc -c -g -O2 -Wall  conftest.c >&5
configure:10984: $? = 0
configure:10984: result: yes
configure:10984: checking sys/select.h presence
configure:10984: gcc -E  conftest.c
configure:10984: $? = 0
configure:10984: result: yes
configure:10984: checking for sys/select.h
configure:10984: result: yes
configure:10984: checking sys/param.h usability
configure:10984: gcc -c -g -O2 -Wall  conftest.c >&5
configure:10984: $? = 0
configure:10984: result: yes
configure:10984: checking sys/param.h presence
configure:10984: gcc -E  conftest.c
configure:10984: $? = 0
configure:10984: result: yes
configure:10984: checking for sys/param.h
configure:10984: result: yes
configure:10997: checking for dirent.h that defines DIR
configure:11016: gcc -c -g -O2 -Wall  conftest.c >&5
configure:11016: $? = 0
configure:11024: result: yes
configure:11037: checking for library containing opendir
configure:11068: gcc -o conftest -g -O2 -Wall   conftest.c  >&5
configure:11068: $? = 0
configure:11085: result: none required
configure:11152: checking whether sys/types.h defines makedev
configure:11168: gcc -o conftest -g -O2 -Wall   conftest.c  >&5
conftest.c: In function 'main':
conftest.c:42:8: warning: implicit declaration of function 'makedev' [-Wimplicit-function-declaration]
   42 | return makedev(0, 0);
      |        ^~~~~~~
/usr/bin/ld: /tmp/cciUygo0.o: in function `main':
/home/databiz33/data_crawling/linux/gawk-4.1.1/extension/conftest.c:42: undefined reference to `makedev'
collect2: error: ld returned 1 exit status
configure:11168: $? = 1
configure: failed program was:
| /* confdefs.h */
| #define PACKAGE_NAME "GNU Awk Bundled Extensions"
| #define PACKAGE_TARNAME "gawk-extensions"
| #define PACKAGE_VERSION "4.1.1"
| #define PACKAGE_STRING "GNU Awk Bundled Extensions 4.1.1"
| #define PACKAGE_BUGREPORT "bug-gawk@gnu.org"
| #define PACKAGE_URL "http://www.gnu.org/software/gawk-extensions/"
| #define STDC_HEADERS 1
| #define HAVE_SYS_TYPES_H 1
| #define HAVE_SYS_STAT_H 1
| #define HAVE_STDLIB_H 1
| #define HAVE_STRING_H 1
| #define HAVE_MEMORY_H 1
| #define HAVE_STRINGS_H 1
| #define HAVE_INTTYPES_H 1
| #define HAVE_STDINT_H 1
| #define HAVE_UNISTD_H 1
| #define __EXTENSIONS__ 1
| #define _ALL_SOURCE 1
| #define _GNU_SOURCE 1
| #define _POSIX_PTHREAD_SEMANTICS 1
| #define _TANDEM_SOURCE 1
| #define PACKAGE "gawk-extensions"
| #define VERSION "4.1.1"
| #define ENABLE_NLS 1
| #define HAVE_GETTEXT 1
| #define HAVE_DCGETTEXT 1
| #define HAVE_STRUCT_STAT_ST_BLKSIZE 1
| #define HAVE_DLFCN_H 1
| #define LT_OBJDIR ".libs/"
| #define HAVE_FNMATCH_H 1
| #define HAVE_LIMITS_H 1
| #define HAVE_SYS_TIME_H 1
| #define HAVE_SYS_SELECT_H 1
| #define HAVE_SYS_PARAM_H 1
| #define HAVE_DIRENT_H 1
| /* end confdefs.h.  */
| #include <sys/types.h>
| int
| main ()
| {
| return makedev(0, 0);
|   ;
|   return 0;
| }
configure:11177: result: no
configure:11181: checking sys/mkdev.h usability
configure:11181: gcc -c -g -O2 -Wall  conftest.c >&5
conftest.c:71:10: fatal error: sys/mkdev.h: No such file or directory
   71 | #include <sys/mkdev.h>
      |          ^~~~~~~~~~~~~
compilation terminated.
configure:11181: $? = 1
configure: failed program was:
| /* confdefs.h */
| #define PACKAGE_NAME "GNU Awk Bundled Extensions"
| #define PACKAGE_TARNAME "gawk-extensions"
| #define PACKAGE_VERSION "4.1.1"
| #define PACKAGE_STRING "GNU Awk Bundled Extensions 4.1.1"
| #define PACKAGE_BUGREPORT "bug-gawk@gnu.org"
| #define PACKAGE_URL "http://www.gnu.org/software/gawk-extensions/"
| #define STDC_HEADERS 1
| #define HAVE_SYS_TYPES_H 1
| #define HAVE_SYS_STAT_H 1
| #define HAVE_STDLIB_H 1
| #define HAVE_STRING_H 1
| #define HAVE_MEMORY_H 1
| #define HAVE_STRINGS_H 1
| #define HAVE_INTTYPES_H 1
| #define HAVE_STDINT_H 1
| #define HAVE_UNISTD_H 1
| #define __EXTENSIONS__ 1
| #define _ALL_SOURCE 1
| #define _GNU_SOURCE 1
| #define _POSIX_PTHREAD_SEMANTICS 1
| #define _TANDEM_SOURCE 1
| #define PACKAGE "gawk-extensions"
| #define VERSION "4.1.1"
| #define ENABLE_NLS 1
| #define HAVE_GETTEXT 1
| #define HAVE_DCGETTEXT 1
| #define HAVE_STRUCT_STAT_ST_BLKSIZE 1
| #define HAVE_DLFCN_H 1
| #define LT_OBJDIR ".libs/"
| #define HAVE_FNMATCH_H 1
| #define HAVE_LIMITS_H 1
| #define HAVE_SYS_TIME_H 1
| #define HAVE_SYS_SELECT_H 1
| #define HAVE_SYS_PARAM_H 1
| #define HAVE_DIRENT_H 1
| /* end confdefs.h.  */
| #include <stdio.h>
| #ifdef HAVE_SYS_TYPES_H
| # include <sys/types.h>
| #endif
| #ifdef HAVE_SYS_STAT_H
| # include <sys/stat.h>
| #endif
| #ifdef STDC_HEADERS
| # include <stdlib.h>
| # include <stddef.h>
| #else
| # ifdef HAVE_STDLIB_H
| #  include <stdlib.h>
| # endif
| #endif
| #ifdef HAVE_STRING_H
| # if !defined STDC_HEADERS && defined HAVE_MEMORY_H
| #  include <memory.h>
| # endif
| # include <string.h>
| #endif
| #ifdef HAVE_STRINGS_H
| # include <strings.h>
| #endif
| #ifdef HAVE_INTTYPES_H
| # include <inttypes.h>
| #endif
| #ifdef HAVE_STDINT_H
| # include <stdint.h>
| #endif
| #ifdef HAVE_UNISTD_H
| # include <unistd.h>
| #endif
| #include <sys/mkdev.h>
configure:11181: result: no
configure:11181: checking sys/mkdev.h presence
configure:11181: gcc -E  conftest.c
conftest.c:38:10: fatal error: sys/mkdev.h: No such file or directory
   38 | #include <sys/mkdev.h>
      |          ^~~~~~~~~~~~~
compilation terminated.
configure:11181: $? = 1
configure: failed program was:
| /* confdefs.h */
| #define PACKAGE_NAME "GNU Awk Bundled Extensions"
| #define PACKAGE_TARNAME "gawk-extensions"
| #define PACKAGE_VERSION "4.1.1"
| #define PACKAGE_STRING "GNU Awk Bundled Extensions 4.1.1"
| #define PACKAGE_BUGREPORT "bug-gawk@gnu.org"
| #define PACKAGE_URL "http://www.gnu.org/software/gawk-extensions/"
| #define STDC_HEADERS 1
| #define HAVE_SYS_TYPES_H 1
| #define HAVE_SYS_STAT_H 1
| #define HAVE_STDLIB_H 1
| #define HAVE_STRING_H 1
| #define HAVE_MEMORY_H 1
| #define HAVE_STRINGS_H 1
| #define HAVE_INTTYPES_H 1
| #define HAVE_STDINT_H 1
| #define HAVE_UNISTD_H 1
| #define __EXTENSIONS__ 1
| #define _ALL_SOURCE 1
| #define _GNU_SOURCE 1
| #define _POSIX_PTHREAD_SEMANTICS 1
| #define _TANDEM_SOURCE 1
| #define PACKAGE "gawk-extensions"
| #define VERSION "4.1.1"
| #define ENABLE_NLS 1
| #define HAVE_GETTEXT 1
| #define HAVE_DCGETTEXT 1
| #define HAVE_STRUCT_STAT_ST_BLKSIZE 1
| #define HAVE_DLFCN_H 1
| #define LT_OBJDIR ".libs/"
| #define HAVE_FNMATCH_H 1
| #define HAVE_LIMITS_H 1
| #define HAVE_SYS_TIME_H 1
| #define HAVE_SYS_SELECT_H 1
| #define HAVE_SYS_PARAM_H 1
| #define HAVE_DIRENT_H 1
| /* end confdefs.h.  */
| #include <sys/mkdev.h>
configure:11181: result: no
configure:11181: checking for sys/mkdev.h
configure:11181: result: no
configure:11191: checking sys/sysmacros.h usability
configure:11191: gcc -c -g -O2 -Wall  conftest.c >&5
configure:11191: $? = 0
configure:11191: result: yes
configure:11191: checking sys/sysmacros.h presence
configure:11191: gcc -E  conftest.c
configure:11191: $? = 0
configure:11191: result: yes
configure:11191: checking for sys/sysmacros.h
configure:11191: result: yes
configure:11202: checking whether time.h and sys/time.h may both be included
configure:11222: gcc -c -g -O2 -Wall  conftest.c >&5
configure:11222: $? = 0
configure:11229: result: yes
configure:11242: checking for fdopendir
configure:11242: gcc -o conftest -g -O2 -Wall   conftest.c  >&5
configure:11242: $? = 0
configure:11242: result: yes
configure:11242: checking for fnmatch
configure:11242: gcc -o conftest -g -O2 -Wall   conftest.c  >&5
configure:11242: $? = 0
configure:11242: result: yes
configure:11242: checking for gettimeofday
configure:11242: gcc -o conftest -g -O2 -Wall   conftest.c  >&5
configure:11242: $? = 0
configure:11242: result: yes
configure:11242: checking for getdtablesize
configure:11242: gcc -o conftest -g -O2 -Wall   conftest.c  >&5
configure:11242: $? = 0
configure:11242: result: yes
configure:11242: checking for nanosleep
configure:11242: gcc -o conftest -g -O2 -Wall   conftest.c  >&5
configure:11242: $? = 0
configure:11242: result: yes
configure:11242: checking for select
configure:11242: gcc -o conftest -g -O2 -Wall   conftest.c  >&5
configure:11242: $? = 0
configure:11242: result: yes
configure:11242: checking for GetSystemTimeAsFileTime
configure:11242: gcc -o conftest -g -O2 -Wall   conftest.c  >&5
/usr/bin/ld: /tmp/cc9bZG4O.o: in function `main':
/home/databiz33/data_crawling/linux/gawk-4.1.1/extension/conftest.c:80: undefined reference to `GetSystemTimeAsFileTime'
collect2: error: ld returned 1 exit status
configure:11242: $? = 1
configure: failed program was:
| /* confdefs.h */
| #define PACKAGE_NAME "GNU Awk Bundled Extensions"
| #define PACKAGE_TARNAME "gawk-extensions"
| #define PACKAGE_VERSION "4.1.1"
| #define PACKAGE_STRING "GNU Awk Bundled Extensions 4.1.1"
| #define PACKAGE_BUGREPORT "bug-gawk@gnu.org"
| #define PACKAGE_URL "http://www.gnu.org/software/gawk-extensions/"
| #define STDC_HEADERS 1
| #define HAVE_SYS_TYPES_H 1
| #define HAVE_SYS_STAT_H 1
| #define HAVE_STDLIB_H 1
| #define HAVE_STRING_H 1
| #define HAVE_MEMORY_H 1
| #define HAVE_STRINGS_H 1
| #define HAVE_INTTYPES_H 1
| #define HAVE_STDINT_H 1
| #define HAVE_UNISTD_H 1
| #define __EXTENSIONS__ 1
| #define _ALL_SOURCE 1
| #define _GNU_SOURCE 1
| #define _POSIX_PTHREAD_SEMANTICS 1
| #define _TANDEM_SOURCE 1
| #define PACKAGE "gawk-extensions"
| #define VERSION "4.1.1"
| #define ENABLE_NLS 1
| #define HAVE_GETTEXT 1
| #define HAVE_DCGETTEXT 1
| #define HAVE_STRUCT_STAT_ST_BLKSIZE 1
| #define HAVE_DLFCN_H 1
| #define LT_OBJDIR ".libs/"
| #define HAVE_FNMATCH_H 1
| #define HAVE_LIMITS_H 1
| #define HAVE_SYS_TIME_H 1
| #define HAVE_SYS_SELECT_H 1
| #define HAVE_SYS_PARAM_H 1
| #define HAVE_DIRENT_H 1
| #define MAJOR_IN_SYSMACROS 1
| #define TIME_WITH_SYS_TIME 1
| #define HAVE_FDOPENDIR 1
| #define HAVE_FNMATCH 1
| #define HAVE_GETTIMEOFDAY 1
| #define HAVE_GETDTABLESIZE 1
| #define HAVE_NANOSLEEP 1
| #define HAVE_SELECT 1
| /* end confdefs.h.  */
| /* Define GetSystemTimeAsFileTime to an innocuous variant, in case <limits.h> declares GetSystemTimeAsFileTime.
|    For example, HP-UX 11i <limits.h> declares gettimeofday.  */
| #define GetSystemTimeAsFileTime innocuous_GetSystemTimeAsFileTime
| 
| /* System header to define __stub macros and hopefully few prototypes,
|     which can conflict with char GetSystemTimeAsFileTime (); below.
|     Prefer <limits.h> to <assert.h> if __STDC__ is defined, since
|     <limits.h> exists even on freestanding compilers.  */
| 
| #ifdef __STDC__
| # include <limits.h>
| #else
| # include <assert.h>
| #endif
| 
| #undef GetSystemTimeAsFileTime
| 
| /* Override any GCC internal prototype to avoid an error.
|    Use char because int might match the return type of a GCC
|    builtin and then its argument prototype would still apply.  */
| #ifdef __cplusplus
| extern "C"
| #endif
| char GetSystemTimeAsFileTime ();
| /* The GNU C library defines this for functions which it implements
|     to always fail with ENOSYS.  Some functions are actually named
|     something starting with __ and the normal name is an alias.  */
| #if defined __stub_GetSystemTimeAsFileTime || defined __stub___GetSystemTimeAsFileTime
| choke me
| #endif
| 
| int
| main ()
| {
| return GetSystemTimeAsFileTime ();
|   ;
|   return 0;
| }
configure:11242: result: no
configure:11258: checking for dirfd
configure:11258: gcc -o conftest -g -O2 -Wall   conftest.c  >&5
configure:11258: $? = 0
configure:11258: result: yes
configure:11267: checking whether dirfd is declared
configure:11267: gcc -c -g -O2 -Wall  conftest.c >&5
configure:11267: $? = 0
configure:11267: result: yes
configure:11284: checking whether dirfd is a macro
configure:11307: result: no
configure:11319: checking how to get the file descriptor associated with an open DIR*
configure:11342: gcc -c -g -O2 -Wall -DDIR_FD_MEMBER_NAME=d_fd  conftest.c >&5
conftest.c: In function 'main':
conftest.c:54:40: error: dereferencing pointer to incomplete type 'DIR' {aka 'struct __dirstream'}
   54 | DIR *dir_p = opendir("."); (void) dir_p->DIR_FD_MEMBER_NAME;
      |                                        ^~
configure:11342: $? = 1
configure: failed program was:
| /* confdefs.h */
| #define PACKAGE_NAME "GNU Awk Bundled Extensions"
| #define PACKAGE_TARNAME "gawk-extensions"
| #define PACKAGE_VERSION "4.1.1"
| #define PACKAGE_STRING "GNU Awk Bundled Extensions 4.1.1"
| #define PACKAGE_BUGREPORT "bug-gawk@gnu.org"
| #define PACKAGE_URL "http://www.gnu.org/software/gawk-extensions/"
| #define STDC_HEADERS 1
| #define HAVE_SYS_TYPES_H 1
| #define HAVE_SYS_STAT_H 1
| #define HAVE_STDLIB_H 1
| #define HAVE_STRING_H 1
| #define HAVE_MEMORY_H 1
| #define HAVE_STRINGS_H 1
| #define HAVE_INTTYPES_H 1
| #define HAVE_STDINT_H 1
| #define HAVE_UNISTD_H 1
| #define __EXTENSIONS__ 1
| #define _ALL_SOURCE 1
| #define _GNU_SOURCE 1
| #define _POSIX_PTHREAD_SEMANTICS 1
| #define _TANDEM_SOURCE 1
| #define PACKAGE "gawk-extensions"
| #define VERSION "4.1.1"
| #define ENABLE_NLS 1
| #define HAVE_GETTEXT 1
| #define HAVE_DCGETTEXT 1
| #define HAVE_STRUCT_STAT_ST_BLKSIZE 1
| #define HAVE_DLFCN_H 1
| #define LT_OBJDIR ".libs/"
| #define HAVE_FNMATCH_H 1
| #define HAVE_LIMITS_H 1
| #define HAVE_SYS_TIME_H 1
| #define HAVE_SYS_SELECT_H 1
| #define HAVE_SYS_PARAM_H 1
| #define HAVE_DIRENT_H 1
| #define MAJOR_IN_SYSMACROS 1
| #define TIME_WITH_SYS_TIME 1
| #define HAVE_FDOPENDIR 1
| #define HAVE_FNMATCH 1
| #define HAVE_GETTIMEOFDAY 1
| #define HAVE_GETDTABLESIZE 1
| #define HAVE_NANOSLEEP 1
| #define HAVE_SELECT 1
| #define HAVE_DIRFD 1
| #define HAVE_DECL_DIRFD 1
| /* end confdefs.h.  */
| 
|            #include <sys/types.h>
|            #include <dirent.h>
| int
| main ()
| {
| DIR *dir_p = opendir("."); (void) dir_p->DIR_FD_MEMBER_NAME;
|   ;
|   return 0;
| }
configure:11342: gcc -c -g -O2 -Wall -DDIR_FD_MEMBER_NAME=dd_fd  conftest.c >&5
conftest.c: In function 'main':
conftest.c:54:40: error: dereferencing pointer to incomplete type 'DIR' {aka 'struct __dirstream'}
   54 | DIR *dir_p = opendir("."); (void) dir_p->DIR_FD_MEMBER_NAME;
      |                                        ^~
configure:11342: $? = 1
configure: failed program was:
| /* confdefs.h */
| #define PACKAGE_NAME "GNU Awk Bundled Extensions"
| #define PACKAGE_TARNAME "gawk-extensions"
| #define PACKAGE_VERSION "4.1.1"
| #define PACKAGE_STRING "GNU Awk Bundled Extensions 4.1.1"
| #define PACKAGE_BUGREPORT "bug-gawk@gnu.org"
| #define PACKAGE_URL "http://www.gnu.org/software/gawk-extensions/"
| #define STDC_HEADERS 1
| #define HAVE_SYS_TYPES_H 1
| #define HAVE_SYS_STAT_H 1
| #define HAVE_STDLIB_H 1
| #define HAVE_STRING_H 1
| #define HAVE_MEMORY_H 1
| #define HAVE_STRINGS_H 1
| #define HAVE_INTTYPES_H 1
| #define HAVE_STDINT_H 1
| #define HAVE_UNISTD_H 1
| #define __EXTENSIONS__ 1
| #define _ALL_SOURCE 1
| #define _GNU_SOURCE 1
| #define _POSIX_PTHREAD_SEMANTICS 1
| #define _TANDEM_SOURCE 1
| #define PACKAGE "gawk-extensions"
| #define VERSION "4.1.1"
| #define ENABLE_NLS 1
| #define HAVE_GETTEXT 1
| #define HAVE_DCGETTEXT 1
| #define HAVE_STRUCT_STAT_ST_BLKSIZE 1
| #define HAVE_DLFCN_H 1
| #define LT_OBJDIR ".libs/"
| #define HAVE_FNMATCH_H 1
| #define HAVE_LIMITS_H 1
| #define HAVE_SYS_TIME_H 1
| #define HAVE_SYS_SELECT_H 1
| #define HAVE_SYS_PARAM_H 1
| #define HAVE_DIRENT_H 1
| #define MAJOR_IN_SYSMACROS 1
| #define TIME_WITH_SYS_TIME 1
| #define HAVE_FDOPENDIR 1
| #define HAVE_FNMATCH 1
| #define HAVE_GETTIMEOFDAY 1
| #define HAVE_GETDTABLESIZE 1
| #define HAVE_NANOSLEEP 1
| #define HAVE_SELECT 1
| #define HAVE_DIRFD 1
| #define HAVE_DECL_DIRFD 1
| /* end confdefs.h.  */
| 
|            #include <sys/types.h>
|            #include <dirent.h>
| int
| main ()
| {
| DIR *dir_p = opendir("."); (void) dir_p->DIR_FD_MEMBER_NAME;
|   ;
|   return 0;
| }
configure:11356: result: no_such_member
configure:11368: checking for inline
configure:11384: gcc -c -g -O2 -Wall  conftest.c >&5
configure:11384: $? = 0
configure:11392: result: inline
configure:11517: checking that generated files are newer than configure
configure:11523: result: done
configure:11546: creating ./config.status

## ---------------------- ##
## Running config.status. ##
## ---------------------- ##

This file was extended by GNU Awk Bundled Extensions config.status 4.1.1, which was
generated by GNU Autoconf 2.69.  Invocation command line was

  CONFIG_FILES    = 
  CONFIG_HEADERS  = 
  CONFIG_LINKS    = 
  CONFIG_COMMANDS = 
  $ ./config.status 

on databiz33-OptiPlex-3050

config.status:1128: creating Makefile
config.status:1128: creating config.h
config.status:1357: executing depfiles commands
config.status:1357: executing po-directories commands
config.status:1357: executing libtool commands

## ---------------- ##
## Cache variables. ##
## ---------------- ##

ac_cv_build=x86_64-unknown-linux-gnu
ac_cv_c_compiler_gnu=yes
ac_cv_c_inline=inline
ac_cv_env_CC_set=
ac_cv_env_CC_value=
ac_cv_env_CFLAGS_set=
ac_cv_env_CFLAGS_value=
ac_cv_env_CPPFLAGS_set=
ac_cv_env_CPPFLAGS_value=
ac_cv_env_CPP_set=
ac_cv_env_CPP_value=
ac_cv_env_LDFLAGS_set=
ac_cv_env_LDFLAGS_value=
ac_cv_env_LIBS_set=
ac_cv_env_LIBS_value=
ac_cv_env_build_alias_set=
ac_cv_env_build_alias_value=
ac_cv_env_host_alias_set=
ac_cv_env_host_alias_value=
ac_cv_env_target_alias_set=
ac_cv_env_target_alias_value=
ac_cv_func_GetSystemTimeAsFileTime=no
ac_cv_func_dirfd=yes
ac_cv_func_fdopendir=yes
ac_cv_func_fnmatch=yes
ac_cv_func_getdtablesize=yes
ac_cv_func_gettimeofday=yes
ac_cv_func_nanosleep=yes
ac_cv_func_select=yes
ac_cv_have_decl_dirfd=yes
ac_cv_header_dirent_dirent_h=yes
ac_cv_header_dlfcn_h=yes
ac_cv_header_fnmatch_h=yes
ac_cv_header_inttypes_h=yes
ac_cv_header_limits_h=yes
ac_cv_header_memory_h=yes
ac_cv_header_minix_config_h=no
ac_cv_header_stdc=yes
ac_cv_header_stdint_h=yes
ac_cv_header_stdlib_h=yes
ac_cv_header_string_h=yes
ac_cv_header_strings_h=yes
ac_cv_header_sys_mkdev_h=no
ac_cv_header_sys_param_h=yes
ac_cv_header_sys_select_h=yes
ac_cv_header_sys_stat_h=yes
ac_cv_header_sys_sysmacros_h=yes
ac_cv_header_sys_time_h=yes
ac_cv_header_sys_types_h=yes
ac_cv_header_sys_types_h_makedev=no
ac_cv_header_time=yes
ac_cv_header_unistd_h=yes
ac_cv_host=x86_64-unknown-linux-gnu
ac_cv_member_struct_stat_st_blksize=yes
ac_cv_objext=o
ac_cv_path_EGREP='/usr/bin/grep -E'
ac_cv_path_FGREP='/usr/bin/grep -F'
ac_cv_path_GMSGFMT=:
ac_cv_path_GREP=/usr/bin/grep
ac_cv_path_MSGFMT=:
ac_cv_path_MSGMERGE=:
ac_cv_path_SED=/usr/bin/sed
ac_cv_path_XGETTEXT=:
ac_cv_path_mkdir=/usr/bin/mkdir
ac_cv_prog_AWK=gawk
ac_cv_prog_CPP='gcc -E'
ac_cv_prog_ac_ct_AR=ar
ac_cv_prog_ac_ct_CC=gcc
ac_cv_prog_ac_ct_MANIFEST_TOOL=mt
ac_cv_prog_ac_ct_OBJDUMP=objdump
ac_cv_prog_ac_ct_RANLIB=ranlib
ac_cv_prog_ac_ct_STRIP=strip
ac_cv_prog_cc_c89=
ac_cv_prog_cc_g=yes
ac_cv_prog_make_make_set=yes
ac_cv_safe_to_define___extensions__=yes
ac_cv_search_opendir='none required'
ac_cv_sys_file_offset_bits=no
ac_cv_sys_largefile_CC=no
acl_cv_hardcode_direct=no
acl_cv_hardcode_libdir_flag_spec='${wl}-rpath ${wl}$libdir'
acl_cv_hardcode_libdir_separator=
acl_cv_hardcode_minus_L=no
acl_cv_libext=a
acl_cv_libname_spec='lib$name'
acl_cv_library_names_spec='$libname$shrext'
acl_cv_path_LD=/usr/bin/ld
acl_cv_prog_gnu_ld=yes
acl_cv_rpath=done
acl_cv_shlibext=so
acl_cv_wl=-Wl,
am_cv_CC_dependencies_compiler_type=gcc3
am_cv_ar_interface=ar
am_cv_make_support_nested_variables=yes
gl_cv_func_dirfd_macro=no
gl_cv_sys_dir_fd_member_name=no_such_member
gt_cv_func_CFLocaleCopyCurrent=no
gt_cv_func_CFPreferencesCopyAppValue=no
gt_cv_func_gnugettext1_libc=yes
lt_cv_ar_at_file=@
lt_cv_archive_cmds_need_lc=no
lt_cv_deplibs_check_method=pass_all
lt_cv_file_magic_cmd='$MAGIC_CMD'
lt_cv_file_magic_test_file=
lt_cv_ld_reload_flag=-r
lt_cv_nm_interface='BSD nm'
lt_cv_objdir=.libs
lt_cv_path_LD=/usr/bin/ld
lt_cv_path_NM='/usr/bin/nm -B'
lt_cv_path_mainfest_tool=no
lt_cv_prog_compiler_c_o=yes
lt_cv_prog_compiler_pic='-fPIC -DPIC'
lt_cv_prog_compiler_pic_works=yes
lt_cv_prog_compiler_rtti_exceptions=no
lt_cv_prog_compiler_static_works=yes
lt_cv_prog_gnu_ld=yes
lt_cv_sharedlib_from_linklib_cmd='printf %s\n'
lt_cv_shlibpath_overrides_runpath=yes
lt_cv_sys_global_symbol_pipe='sed -n -e '\''s/^.*[	 ]\([ABCDGIRSTW][ABCDGIRSTW]*\)[	 ][	 ]*\([_A-Za-z][_A-Za-z0-9]*\)$/\1 \2 \2/p'\'' | sed '\''/ __gnu_lto/d'\'''
lt_cv_sys_global_symbol_to_c_name_address='sed -n -e '\''s/^: \(.*\) .*$/  {"\1", (void *) 0},/p'\'' -e '\''s/^[ABCDGIRSTW][ABCDGIRSTW]* .* \(.*\)$/  {"\1", (void *) \&\1},/p'\'''
lt_cv_sys_global_symbol_to_c_name_address_lib_prefix='sed -n -e '\''s/^: \(.*\) .*$/  {"\1", (void *) 0},/p'\'' -e '\''s/^[ABCDGIRSTW][ABCDGIRSTW]* .* \(lib.*\)$/  {"\1", (void *) \&\1},/p'\'' -e '\''s/^[ABCDGIRSTW][ABCDGIRSTW]* .* \(.*\)$/  {"lib\1", (void *) \&\1},/p'\'''
lt_cv_sys_global_symbol_to_cdecl='sed -n -e '\''s/^T .* \(.*\)$/extern int \1();/p'\'' -e '\''s/^[ABCDGIRSTW][ABCDGIRSTW]* .* \(.*\)$/extern char \1;/p'\'''
lt_cv_sys_global_symbol_to_import=
lt_cv_sys_max_cmd_len=1572864
lt_cv_to_host_file_cmd=func_convert_file_noop
lt_cv_to_tool_file_cmd=func_convert_file_noop

## ----------------- ##
## Output variables. ##
## ----------------- ##

ACLOCAL='${SHELL} /home/databiz33/data_crawling/linux/gawk-4.1.1/extension/build-aux/missing aclocal-1.13'
AMDEPBACKSLASH='\'
AMDEP_FALSE='#'
AMDEP_TRUE=''
AMTAR='$${TAR-tar}'
AM_BACKSLASH='\'
AM_DEFAULT_V='$(AM_DEFAULT_VERBOSITY)'
AM_DEFAULT_VERBOSITY='1'
AM_V='$(V)'
AR='ar'
AUTOCONF='${SHELL} /home/databiz33/data_crawling/linux/gawk-4.1.1/extension/build-aux/missing autoconf'
AUTOHEADER='${SHELL} /home/databiz33/data_crawling/linux/gawk-4.1.1/extension/build-aux/missing autoheader'
AUTOMAKE='${SHELL} /home/databiz33/data_crawling/linux/gawk-4.1.1/extension/build-aux/missing automake-1.13'
AWK='gawk'
CC='gcc'
CCDEPMODE='depmode=gcc3'
CFLAGS='-g -O2 -Wall'
CPP='gcc -E'
CPPFLAGS=''
CYGPATH_W='echo'
DEFS='-DHAVE_CONFIG_H'
DEPDIR='.deps'
DLLTOOL='false'
DSYMUTIL=''
DUMPBIN=''
ECHO_C=''
ECHO_N='-n'
ECHO_T=''
EGREP='/usr/bin/grep -E'
EXEEXT=''
FGREP='/usr/bin/grep -F'
GETTEXT_MACRO_VERSION='0.18'
GMSGFMT=':'
GMSGFMT_015=':'
GREP='/usr/bin/grep'
INSTALL_DATA='${INSTALL} -m 644'
INSTALL_PROGRAM='${INSTALL}'
INSTALL_SCRIPT='${INSTALL}'
INSTALL_STRIP_PROGRAM='$(install_sh) -c -s'
INTLLIBS=''
INTL_MACOSX_LIBS=''
LD='/usr/bin/ld -m elf_x86_64'
LDFLAGS=''
LIBICONV='-liconv'
LIBINTL=''
LIBOBJS=''
LIBS=''
LIBTOOL='$(SHELL) $(top_builddir)/libtool'
LIPO=''
LN_S='ln -s'
LTLIBICONV='-liconv'
LTLIBINTL=''
LTLIBOBJS=''
MAKEINFO='${SHELL} /home/databiz33/data_crawling/linux/gawk-4.1.1/extension/build-aux/missing makeinfo'
MANIFEST_TOOL=':'
MKDIR_P='/usr/bin/mkdir -p'
MSGFMT=':'
MSGFMT_015=':'
MSGMERGE=':'
NM='/usr/bin/nm -B'
NMEDIT=''
OBJDUMP='objdump'
OBJEXT='o'
OTOOL64=''
OTOOL=''
PACKAGE='gawk-extensions'
PACKAGE_BUGREPORT='bug-gawk@gnu.org'
PACKAGE_NAME='GNU Awk Bundled Extensions'
PACKAGE_STRING='GNU Awk Bundled Extensions 4.1.1'
PACKAGE_TARNAME='gawk-extensions'
PACKAGE_URL='http://www.gnu.org/software/gawk-extensions/'
PACKAGE_VERSION='4.1.1'
PATH_SEPARATOR=':'
POSUB='po'
RANLIB='ranlib'
SED='/usr/bin/sed'
SET_MAKE=''
SHELL='/bin/bash'
STRIP='strip'
USE_NLS='yes'
VERSION='4.1.1'
XGETTEXT=':'
XGETTEXT_015=':'
XGETTEXT_EXTRA_OPTIONS=''
ac_ct_AR='ar'
ac_ct_CC='gcc'
ac_ct_DUMPBIN=''
am__EXEEXT_FALSE=''
am__EXEEXT_TRUE='#'
am__fastdepCC_FALSE='#'
am__fastdepCC_TRUE=''
am__include='include'
am__isrc=''
am__leading_dot='.'
am__nodep='_no'
am__quote=''
am__tar='$${TAR-tar} chof - "$$tardir"'
am__untar='$${TAR-tar} xf -'
bindir='${exec_prefix}/bin'
build='x86_64-unknown-linux-gnu'
build_alias=''
build_cpu='x86_64'
build_os='linux-gnu'
build_vendor='unknown'
datadir='${datarootdir}'
datarootdir='${prefix}/share'
docdir='${datarootdir}/doc/${PACKAGE_TARNAME}'
dvidir='${docdir}'
exec_prefix='${prefix}'
host='x86_64-unknown-linux-gnu'
host_alias=''
host_cpu='x86_64'
host_os='linux-gnu'
host_vendor='unknown'
htmldir='${docdir}'
includedir='${prefix}/include'
infodir='${datarootdir}/info'
install_sh='${SHELL} /home/databiz33/data_crawling/linux/gawk-4.1.1/extension/build-aux/install-sh'
libdir='${exec_prefix}/lib'
libexecdir='${exec_prefix}/libexec'
localedir='${datarootdir}/locale'
localstatedir='${prefix}/var'
mandir='${datarootdir}/man'
mkdir_p='$(MKDIR_P)'
oldincludedir='/usr/include'
pdfdir='${docdir}'
pkgextensiondir='${libdir}/gawk'
prefix='/usr/local'
program_transform_name='s,x,x,'
psdir='${docdir}'
sbindir='${exec_prefix}/sbin'
sharedstatedir='${prefix}/com'
sysconfdir='${prefix}/etc'
target_alias=''

## ----------- ##
## confdefs.h. ##
## ----------- ##

/* confdefs.h */
#define PACKAGE_NAME "GNU Awk Bundled Extensions"
#define PACKAGE_TARNAME "gawk-extensions"
#define PACKAGE_VERSION "4.1.1"
#define PACKAGE_STRING "GNU Awk Bundled Extensions 4.1.1"
#define PACKAGE_BUGREPORT "bug-gawk@gnu.org"
#define PACKAGE_URL "http://www.gnu.org/software/gawk-extensions/"
#define STDC_HEADERS 1
#define HAVE_SYS_TYPES_H 1
#define HAVE_SYS_STAT_H 1
#define HAVE_STDLIB_H 1
#define HAVE_STRING_H 1
#define HAVE_MEMORY_H 1
#define HAVE_STRINGS_H 1
#define HAVE_INTTYPES_H 1
#define HAVE_STDINT_H 1
#define HAVE_UNISTD_H 1
#define __EXTENSIONS__ 1
#define _ALL_SOURCE 1
#define _GNU_SOURCE 1
#define _POSIX_PTHREAD_SEMANTICS 1
#define _TANDEM_SOURCE 1
#define PACKAGE "gawk-extensions"
#define VERSION "4.1.1"
#define ENABLE_NLS 1
#define HAVE_GETTEXT 1
#define HAVE_DCGETTEXT 1
#define HAVE_STRUCT_STAT_ST_BLKSIZE 1
#define HAVE_DLFCN_H 1
#define LT_OBJDIR ".libs/"
#define HAVE_FNMATCH_H 1
#define HAVE_LIMITS_H 1
#define HAVE_SYS_TIME_H 1
#define HAVE_SYS_SELECT_H 1
#define HAVE_SYS_PARAM_H 1
#define HAVE_DIRENT_H 1
#define MAJOR_IN_SYSMACROS 1
#define TIME_WITH_SYS_TIME 1
#define HAVE_FDOPENDIR 1
#define HAVE_FNMATCH 1
#define HAVE_GETTIMEOFDAY 1
#define HAVE_GETDTABLESIZE 1
#define HAVE_NANOSLEEP 1
#define HAVE_SELECT 1
#define HAVE_DIRFD 1
#define HAVE_DECL_DIRFD 1

configure: exit 0
